Using pre-set license
Built from '2021.2/staging' branch; Version is '2021.2.11f1 (e50cafbb4399) revision 15010991'; Using compiler version '192829333'; Build Type 'Release'
OS: 'Windows 10  (10.0.19044) 64bit Professional' Language: 'ko' Physical Memory: 16326 MB
BatchMode: 1, IsHumanControllingUs: 0, StartBugReporterOnCrash: 0, Is64bit: 1, IsPro: 0

COMMAND LINE ARGUMENTS:
C:\Program Files\Unity\Hub\Editor\2021.2.11f1\Editor\Unity.exe
-adb2
-batchMode
-noUpm
-name
AssetImportWorker0
-projectPath
C:/Users/admin/Documents/GitHub/2022/HDRP_template/Realistic Modern Oriental Plaza
-logFile
Logs/AssetImportWorker0.log
-srvPort
4704
Successfully changed project path to: C:/Users/admin/Documents/GitHub/2022/HDRP_template/Realistic Modern Oriental Plaza
C:/Users/admin/Documents/GitHub/2022/HDRP_template/Realistic Modern Oriental Plaza
[UnityMemory] Configuration Parameters - Can be set up in boot.config
    "memorysetup-bucket-allocator-granularity=16"
    "memorysetup-bucket-allocator-bucket-count=8"
    "memorysetup-bucket-allocator-block-size=33554432"
    "memorysetup-bucket-allocator-block-count=8"
    "memorysetup-main-allocator-block-size=16777216"
    "memorysetup-thread-allocator-block-size=16777216"
    "memorysetup-gfx-main-allocator-block-size=16777216"
    "memorysetup-gfx-thread-allocator-block-size=16777216"
    "memorysetup-cache-allocator-block-size=4194304"
    "memorysetup-typetree-allocator-block-size=2097152"
    "memorysetup-profiler-bucket-allocator-granularity=16"
    "memorysetup-profiler-bucket-allocator-bucket-count=8"
    "memorysetup-profiler-bucket-allocator-block-size=33554432"
    "memorysetup-profiler-bucket-allocator-block-count=8"
    "memorysetup-profiler-allocator-block-size=16777216"
    "memorysetup-profiler-editor-allocator-block-size=1048576"
    "memorysetup-temp-allocator-size-main=16777216"
    "memorysetup-job-temp-allocator-block-size=2097152"
    "memorysetup-job-temp-allocator-block-size-background=1048576"
    "memorysetup-job-temp-allocator-reduction-small-platforms=262144"
    "memorysetup-temp-allocator-size-background-worker=32768"
    "memorysetup-temp-allocator-size-job-worker=262144"
    "memorysetup-temp-allocator-size-preload-manager=33554432"
    "memorysetup-temp-allocator-size-nav-mesh-worker=65536"
    "memorysetup-temp-allocator-size-audio-worker=65536"
    "memorysetup-temp-allocator-size-cloud-worker=32768"
    "memorysetup-temp-allocator-size-gi-baking-worker=262144"
    "memorysetup-temp-allocator-size-gfx=262144"
Refreshing native plugins compatible for Editor in 221.97 ms, found 7 plugins.
Preloading 0 native plugins for Editor in 0.00 ms.
Initialize engine version: 2021.2.11f1 (e50cafbb4399)
[Subsystems] Discovering subsystems at path C:/Program Files/Unity/Hub/Editor/2021.2.11f1/Editor/Data/Resources/UnitySubsystems
[Subsystems] Discovering subsystems at path C:/Users/admin/Documents/GitHub/2022/HDRP_template/Realistic Modern Oriental Plaza/Assets
GfxDevice: creating device client; threaded=0; jobified=0
Direct3D:
    Version:  Direct3D 11.0 [level 11.1]
    Renderer: NVIDIA GeForce GTX 1660 (ID=0x2184)
    Vendor:   NVIDIA
    VRAM:     5991 MB
    Driver:   30.0.15.1179
Initialize mono
Mono path[0] = 'C:/Program Files/Unity/Hub/Editor/2021.2.11f1/Editor/Data/Managed'
Mono path[1] = 'C:/Program Files/Unity/Hub/Editor/2021.2.11f1/Editor/Data/MonoBleedingEdge/lib/mono/unityjit-win32'
Mono config path = 'C:/Program Files/Unity/Hub/Editor/2021.2.11f1/Editor/Data/MonoBleedingEdge/etc'
Using monoOptions --debugger-agent=transport=dt_socket,embedding=1,server=y,suspend=n,address=127.0.0.1:56748
Begin MonoManager ReloadAssembly
Registering precompiled unity dll's ...
Register platform support module: C:/Program Files/Unity/Hub/Editor/2021.2.11f1/Editor/Data/PlaybackEngines/WindowsStandaloneSupport/UnityEditor.WindowsStandalone.Extensions.dll
Registered in 0.011110 seconds.
Native extension for WindowsStandalone target not found
Refreshing native plugins compatible for Editor in 186.32 ms, found 7 plugins.
Preloading 0 native plugins for Editor in 0.00 ms.
Mono: successfully reloaded assembly
- Completed reload, in  0.806 seconds
Domain Reload Profiling:
	ReloadAssembly (806ms)
		BeginReloadAssembly (98ms)
			ExecutionOrderSort (0ms)
			DisableScriptedObjects (0ms)
			BackupInstance (0ms)
			ReleaseScriptingObjects (0ms)
			CreateAndSetChildDomain (1ms)
		EndReloadAssembly (608ms)
			LoadAssemblies (95ms)
			RebuildTransferFunctionScriptingTraits (0ms)
			SetupTypeCache (118ms)
			ReleaseScriptCaches (0ms)
			RebuildScriptCaches (30ms)
			SetupLoadedEditorAssemblies (400ms)
				LogAssemblyErrors (0ms)
				InitializePlatformSupportModulesInManaged (18ms)
				SetLoadedEditorAssemblies (0ms)
				RefreshPlugins (186ms)
				BeforeProcessingInitializeOnLoad (1ms)
				ProcessInitializeOnLoadAttributes (140ms)
				ProcessInitializeOnLoadMethodAttributes (54ms)
				AfterProcessingInitializeOnLoad (0ms)
				EditorAssembliesLoaded (0ms)
			ExecutionOrderSort2 (0ms)
			AwakeInstancesAfterBackupRestoration (0ms)
Platform modules already initialized, skipping
Registering precompiled user dll's ...
Registered in 0.016805 seconds.
Begin MonoManager ReloadAssembly
Symbol file LoadedFromMemory doesn't match image C:\Users\admin\Documents\GitHub\2022\HDRP_template\Realistic Modern Oriental Plaza\Library\PackageCache\com.unity.visualscripting@1.7.6\Editor\VisualScripting.Core\Dependencies\YamlDotNet\Unity.VisualScripting.YamlDotNet.dll
Symbol file LoadedFromMemory doesn't match image C:\Users\admin\Documents\GitHub\2022\HDRP_template\Realistic Modern Oriental Plaza\Library\PackageCache\com.unity.visualscripting@1.7.6\Editor\VisualScripting.Core\Dependencies\DotNetZip\Unity.VisualScripting.IonicZip.dll
Native extension for WindowsStandalone target not found
Refreshing native plugins compatible for Editor in 190.61 ms, found 7 plugins.
Preloading 0 native plugins for Editor in 0.00 ms.
Mono: successfully reloaded assembly
- Completed reload, in  2.661 seconds
Domain Reload Profiling:
	ReloadAssembly (2662ms)
		BeginReloadAssembly (142ms)
			ExecutionOrderSort (0ms)
			DisableScriptedObjects (6ms)
			BackupInstance (0ms)
			ReleaseScriptingObjects (0ms)
			CreateAndSetChildDomain (22ms)
		EndReloadAssembly (2398ms)
			LoadAssemblies (138ms)
			RebuildTransferFunctionScriptingTraits (0ms)
			SetupTypeCache (451ms)
			ReleaseScriptCaches (1ms)
			RebuildScriptCaches (111ms)
			SetupLoadedEditorAssemblies (1651ms)
				LogAssemblyErrors (0ms)
				InitializePlatformSupportModulesInManaged (14ms)
				SetLoadedEditorAssemblies (0ms)
				RefreshPlugins (191ms)
				BeforeProcessingInitializeOnLoad (180ms)
				ProcessInitializeOnLoadAttributes (1054ms)
				ProcessInitializeOnLoadMethodAttributes (199ms)
				AfterProcessingInitializeOnLoad (13ms)
				EditorAssembliesLoaded (0ms)
			ExecutionOrderSort2 (0ms)
			AwakeInstancesAfterBackupRestoration (14ms)
Platform modules already initialized, skipping
========================================================================
Worker process is ready to serve import requests
Launched and connected shader compiler UnityShaderCompiler.exe after 0.09 seconds
Refreshing native plugins compatible for Editor in 1.49 ms, found 7 plugins.
Preloading 0 native plugins for Editor in 0.00 ms.
Unloading 7273 Unused Serialized files (Serialized files now loaded: 0)
Unloading 82 unused Assets / (4.3 MB). Loaded Objects now: 7718.
Memory consumption went from 336.4 MB to 332.0 MB.
Total: 5.175900 ms (FindLiveObjects: 0.651700 ms CreateObjectMapping: 0.606300 ms MarkObjects: 2.953700 ms  DeleteObjects: 0.963200 ms)

AssetImportParameters requested are different than current active one (requested -> active):
  custom:video-decoder-ogg-theora: a1e56fd34408186e4bbccfd4996cb3dc -> 
  custom:container-muxer-webm: aa71ff27fc2769a1b78a27578f13a17b -> 
  custom:container-demuxer-webm: 4f35f7cbe854078d1ac9338744f61a02 -> 
  custom:video-encoder-webm-vp8: eb34c28f22e8b96e1ab97ce403110664 -> 
  custom:audio-encoder-webm-vorbis: bf7c407c2cedff20999df2af8eb42d56 -> 
  custom:framework-win-MediaFoundation: 216162199b28c13a410421893ffa2e32 -> 
  custom:container-demuxer-ogg: 62fdf1f143b41e24485cea50d1cbac27 -> 
  custom:video-decoder-webm-vp8: 9c59270c3fd7afecdb556c50c9e8de78 -> 
  custom:audio-decoder-ogg-vorbis: bf7c407c2cedff20999df2af8eb42d56 -> 
========================================================================
Received Import Request.
  Time since last request: 92855.852812 seconds.
  path: Assets/AssetStore/Beautify/Demo/DemoSources/Textures/LUT_18.png
  artifactKey: Guid(91e50ab11e3e040b289162f90a6efba5) Importer(815301076,1909f56bfc062723c751e8b465ee728b)
Start importing Assets/AssetStore/Beautify/Demo/DemoSources/Textures/LUT_18.png using Guid(91e50ab11e3e040b289162f90a6efba5) Importer(815301076,1909f56bfc062723c751e8b465ee728b)  -> (artifact id: '452de0a54c9f906179d0d2a6593cc368') in 0.160113 seconds 
========================================================================
Received Import Request.
  Time since last request: 380.210927 seconds.
  path: Assets/AssetStore/Beautify/Demo/DemoSources/Textures/Waves.cube
  artifactKey: Guid(ce27e084626888c49b02b0a157fbff68) Importer(815301076,1909f56bfc062723c751e8b465ee728b)
Start importing Assets/AssetStore/Beautify/Demo/DemoSources/Textures/Waves.cube using Guid(ce27e084626888c49b02b0a157fbff68) Importer(815301076,1909f56bfc062723c751e8b465ee728b)  -> (artifact id: '3c6817229e757fb72be2cb640ae7bf44') in 0.069797 seconds 
========================================================================
Received Import Request.
  Time since last request: 63.810538 seconds.
  path: Assets/AssetStore/Aligned Games/Realistic Modern Oriental Plaza Asset Package/Scenes/Demonstration_Flaza_Lookdev.unity
  artifactKey: Guid(e1eb0ed85cdee204688e4a57ee6bfad8) Importer(815301076,1909f56bfc062723c751e8b465ee728b)
Start importing Assets/AssetStore/Aligned Games/Realistic Modern Oriental Plaza Asset Package/Scenes/Demonstration_Flaza_Lookdev.unity using Guid(e1eb0ed85cdee204688e4a57ee6bfad8) Importer(815301076,1909f56bfc062723c751e8b465ee728b)  -> (artifact id: '9626cdb1a02cb647ce7040265e536781') in 0.007995 seconds 
========================================================================
Received Import Request.
  Time since last request: 5.594080 seconds.
  path: Assets/AssetStore/Aligned Games/Realistic Modern Oriental Plaza Asset Package/Scenes
  artifactKey: Guid(4f704ae4b4f98ae41a0bce26658850c1) Importer(815301076,1909f56bfc062723c751e8b465ee728b)
Start importing Assets/AssetStore/Aligned Games/Realistic Modern Oriental Plaza Asset Package/Scenes using Guid(4f704ae4b4f98ae41a0bce26658850c1) Importer(815301076,1909f56bfc062723c751e8b465ee728b)  -> (artifact id: 'cefd756a7c575ccc44c568131cef5c36') in 0.008427 seconds 
========================================================================
Received Import Request.
  Time since last request: 12.956768 seconds.
  path: Assets/AssetStore/Aligned Games/Realistic Modern Oriental Plaza Asset Package/Scenes/Demonstration_Flaza_Lookdev.scenetemplate
  artifactKey: Guid(ce9332f3183f95142b0f389e9d6bfccb) Importer(815301076,1909f56bfc062723c751e8b465ee728b)
Start importing Assets/AssetStore/Aligned Games/Realistic Modern Oriental Plaza Asset Package/Scenes/Demonstration_Flaza_Lookdev.scenetemplate using Guid(ce9332f3183f95142b0f389e9d6bfccb) Importer(815301076,1909f56bfc062723c751e8b465ee728b) LightingSettings: switching bake backend from 1 to 2.
 -> (artifact id: '3b4ea636ae98b03807880f506aff008b') in 1.890814 seconds 
========================================================================
Received Import Request.
  Time since last request: 40.555708 seconds.
  path: Assets/AssetStore/Aligned Games/Realistic Modern Oriental Plaza Asset Package/Scenes/Demonstration_Flaza_Lookdev.scenetemplate
  artifactKey: Guid(ce9332f3183f95142b0f389e9d6bfccb) Importer(815301076,1909f56bfc062723c751e8b465ee728b)
Start importing Assets/AssetStore/Aligned Games/Realistic Modern Oriental Plaza Asset Package/Scenes/Demonstration_Flaza_Lookdev.scenetemplate using Guid(ce9332f3183f95142b0f389e9d6bfccb) Importer(815301076,1909f56bfc062723c751e8b465ee728b) LightingSettings: switching bake backend from 1 to 2.
 -> (artifact id: '3361224d98046cd84441ba642a099d58') in 1.826799 seconds 
========================================================================
Received Import Request.
  Time since last request: 827.437794 seconds.
  path: Assets/AssetStore/Beautify/Demo/DemoSources/Textures/grungeBorder.png
  artifactKey: Guid(6f065cb5a39224347be7a897eb4fbe55) Importer(815301076,1909f56bfc062723c751e8b465ee728b)
Start importing Assets/AssetStore/Beautify/Demo/DemoSources/Textures/grungeBorder.png using Guid(6f065cb5a39224347be7a897eb4fbe55) Importer(815301076,1909f56bfc062723c751e8b465ee728b)  -> (artifact id: 'a54b45bd8909283fb0cc9538428f6814') in 0.026688 seconds 
========================================================================
Received Import Request.
  Time since last request: 1.026401 seconds.
  path: Assets/AssetStore/Beautify/Demo/DemoSources/Textures/LUT_2400.png
  artifactKey: Guid(cb660b42a27954f348c1567c26aaf7c9) Importer(815301076,1909f56bfc062723c751e8b465ee728b)
Start importing Assets/AssetStore/Beautify/Demo/DemoSources/Textures/LUT_2400.png using Guid(cb660b42a27954f348c1567c26aaf7c9) Importer(815301076,1909f56bfc062723c751e8b465ee728b)  -> (artifact id: 'c1ce42852a17bdd519a14535c182af00') in 0.019581 seconds 
========================================================================
Received Import Request.
  Time since last request: 0.308875 seconds.
  path: Assets/AssetStore/Beautify/Demo/DemoSources/Textures/LUTNeutral.png
  artifactKey: Guid(c75e186435cf24b06ba55bc1c1999a6f) Importer(815301076,1909f56bfc062723c751e8b465ee728b)
Start importing Assets/AssetStore/Beautify/Demo/DemoSources/Textures/LUTNeutral.png using Guid(c75e186435cf24b06ba55bc1c1999a6f) Importer(815301076,1909f56bfc062723c751e8b465ee728b)  -> (artifact id: '57e02fb12527fbac4931ff15c309ade5') in 0.015260 seconds 
========================================================================
Received Import Request.
  Time since last request: 1.926958 seconds.
  path: Assets/AssetStore/Beautify/Demo/DemoSources/Textures/LUTSepia.png
  artifactKey: Guid(b8fc4d47ab82140b6add161a4d3ea695) Importer(815301076,1909f56bfc062723c751e8b465ee728b)
Start importing Assets/AssetStore/Beautify/Demo/DemoSources/Textures/LUTSepia.png using Guid(b8fc4d47ab82140b6add161a4d3ea695) Importer(815301076,1909f56bfc062723c751e8b465ee728b)  -> (artifact id: '98de7a77110e340f768406c80bafb1d9') in 0.013950 seconds 
========================================================================
Received Prepare
Registering precompiled user dll's ...
Registered in 0.014324 seconds.
Begin MonoManager ReloadAssembly
Symbol file LoadedFromMemory doesn't match image C:\Users\admin\Documents\GitHub\2022\HDRP_template\Realistic Modern Oriental Plaza\Library\PackageCache\com.unity.visualscripting@1.7.6\Editor\VisualScripting.Core\Dependencies\YamlDotNet\Unity.VisualScripting.YamlDotNet.dll
Symbol file LoadedFromMemory doesn't match image C:\Users\admin\Documents\GitHub\2022\HDRP_template\Realistic Modern Oriental Plaza\Library\PackageCache\com.unity.visualscripting@1.7.6\Editor\VisualScripting.Core\Dependencies\DotNetZip\Unity.VisualScripting.IonicZip.dll
Native extension for WindowsStandalone target not found
Refreshing native plugins compatible for Editor in 1.37 ms, found 7 plugins.
Preloading 0 native plugins for Editor in 0.00 ms.
Mono: successfully reloaded assembly
- Completed reload, in  1.751 seconds
Domain Reload Profiling:
	ReloadAssembly (1752ms)
		BeginReloadAssembly (190ms)
			ExecutionOrderSort (0ms)
			DisableScriptedObjects (5ms)
			BackupInstance (0ms)
			ReleaseScriptingObjects (0ms)
			CreateAndSetChildDomain (59ms)
		EndReloadAssembly (1455ms)
			LoadAssemblies (122ms)
			RebuildTransferFunctionScriptingTraits (0ms)
			SetupTypeCache (379ms)
			ReleaseScriptCaches (3ms)
			RebuildScriptCaches (81ms)
			SetupLoadedEditorAssemblies (721ms)
				LogAssemblyErrors (0ms)
				InitializePlatformSupportModulesInManaged (16ms)
				SetLoadedEditorAssemblies (1ms)
				RefreshPlugins (1ms)
				BeforeProcessingInitializeOnLoad (137ms)
				ProcessInitializeOnLoadAttributes (518ms)
				ProcessInitializeOnLoadMethodAttributes (36ms)
				AfterProcessingInitializeOnLoad (12ms)
				EditorAssembliesLoaded (0ms)
			ExecutionOrderSort2 (0ms)
			AwakeInstancesAfterBackupRestoration (30ms)
Platform modules already initialized, skipping
Refreshing native plugins compatible for Editor in 1.30 ms, found 7 plugins.
Preloading 0 native plugins for Editor in 0.00 ms.
Unloading 6950 Unused Serialized files (Serialized files now loaded: 0)
Unloading 63 unused Assets / (4.3 MB). Loaded Objects now: 7866.
Memory consumption went from 329.5 MB to 325.2 MB.
Total: 7.812600 ms (FindLiveObjects: 0.725000 ms CreateObjectMapping: 0.817500 ms MarkObjects: 4.796100 ms  DeleteObjects: 1.472800 ms)

AssetImportParameters requested are different than current active one (requested -> active):
  custom:video-decoder-ogg-theora: a1e56fd34408186e4bbccfd4996cb3dc -> 
  custom:container-muxer-webm: aa71ff27fc2769a1b78a27578f13a17b -> 
  custom:container-demuxer-webm: 4f35f7cbe854078d1ac9338744f61a02 -> 
  custom:video-encoder-webm-vp8: eb34c28f22e8b96e1ab97ce403110664 -> 
  custom:audio-encoder-webm-vorbis: bf7c407c2cedff20999df2af8eb42d56 -> 
  custom:framework-win-MediaFoundation: 216162199b28c13a410421893ffa2e32 -> 
  custom:container-demuxer-ogg: 62fdf1f143b41e24485cea50d1cbac27 -> 
  custom:video-decoder-webm-vp8: 9c59270c3fd7afecdb556c50c9e8de78 -> 
  custom:audio-decoder-ogg-vorbis: bf7c407c2cedff20999df2af8eb42d56 -> 
